[1] "\n* same as apollo.12 but with latent variables\n"


             . ,,                                                            
            ,      ,,                                                        
 ,,,,,,    ,         ,,                                                      
,     ,,  ,            ,,,,.                                                 
,,     , ,,   ,,,,,,    ,,,                                 //  //           
  ,     ,,,.   ,,,,,.   ,,      ////                        //  //           
,,     ,,,,,.           ,,     // //     //////    /////    //  //    /////  
,,,        ,,           ,      //  //    /    //  //   //   //  //   //   // 
              ,,       ,      ////////   /    //  //   //   //  //   //   // 
                ,,   ,,      //     //   /   ///  //   //   //  //   //   // 
                   ,         //      //  /////      ///      //  //    ///   
                                         //                                  
                                         //                                  

Apollo 0.3.0
http://www.ApolloChoiceModelling.com
See url for a detailed manual, examples and a user forum.
Sign up to the user forum to receive updates on new releases.

Please cite Apollo in all written material you produce:
Hess S, Palma D (2019). "Apollo: a flexible, powerful and customisable
freeware package for choice model estimation and application." Journal
of Choice Modelling, 32. doi:10.1016/j.jocm.2019.100170
── Attaching packages ─────────────────────────────────────── tidyverse 1.3.2 ──
✔ ggplot2 3.3.6     ✔ purrr   0.3.4
✔ tibble  3.1.7     ✔ dplyr   1.0.9
✔ tidyr   1.2.0     ✔ stringr 1.4.0
✔ readr   2.1.2     ✔ forcats 0.5.1
── Conflicts ────────────────────────────────────────── tidyverse_conflicts() ──
✖ dplyr::filter() masks stats::filter()
✖ dplyr::lag()    masks stats::lag()

INFORMATION: Your version of Apollo is more than six months old. Using the latest
  version will ensure you have all current functionality and bug fixes.
  You can update to the latest version by typing:
  install.packages("apollo") 

  Current process will resume in 5 seconds unless interrupted by the
  user.....

Apollo ignition sequence completed
.
   0    1    3    4    5 
  43  183  967 1237  362 
apollo_draws and apollo_randCoeff were found, so apollo_control$mixing
  was set to TRUE
All checks on apollo_control completed.
All checks on database completed.
Generating inter-individual draws ...... Done
Inter-person draws are being used without a panel structure.
Preparing user-defined functions.

Testing likelihood function...

Overview of choices for model component m_pol_scale:
                              1      2      3      4   5      6      7      8
Times chosen              57.00 121.00 252.00 360.00 391 730.00 319.00 291.00
Percentage chosen overall  2.04   4.33   9.03  12.89  14  26.15  11.43  10.42
                               9    10    11
Times chosen              186.00 49.00 36.00
Percentage chosen overall   6.66  1.76  1.29

Overview of choices for model component m_health:
                             1     2      3       4      5
Times chosen              5.00 73.00 408.00 1494.00 812.00
Percentage chosen overall 0.18  2.61  14.61   53.51  29.08

Overview of choices for model component m_concern:
                              1      2      3       4      5
Times chosen              43.00 183.00 967.00 1237.00 362.00
Percentage chosen overall  1.54   6.55  34.63   44.31  12.97

Overview of choices for model component m_resp:
                              1     2      3      4      5      6      7      8
Times chosen              62.00 61.00 100.00 189.00 172.00 488.00 369.00 557.00
Percentage chosen overall  2.22  2.18   3.58   6.77   6.16  17.48  13.22  19.95
                              9     10     11
Times chosen              469.0 145.00 180.00
Percentage chosen overall  16.8   5.19   6.45

Overview of choices for model component m_effic:
                              1     2      3     4      5      6      7     8
Times chosen              59.00 77.00 174.00 254.0 227.00 506.00 352.00 497.0
Percentage chosen overall  2.11  2.76   6.23   9.1   8.13  18.12  12.61  17.8
                               9    10     11
Times chosen              332.00 96.00 218.00
Percentage chosen overall  11.89  3.44   7.81

Overview of choices for model component m_exp:
                               1      2     3      4      5      6     7      8
Times chosen              220.00 220.00 310.0 343.00 228.00 424.00 268.0 277.00
Percentage chosen overall   7.88   7.88  11.1  12.29   8.17  15.19   9.6   9.92
                               9    10     11
Times chosen              241.00 73.00 188.00
Percentage chosen overall   8.63  2.61   6.73
Apollo found a model component of type MDCEV without a componentName.
  The name was set to "choice" by default.

Overview of choices for model component choice:
                                   outside rplc.r.sll rdc.nd.cmpnst shrt.flghts
Times available                    2792.00    1858.00       2498.00      472.00
Observations in which chosen       2792.00     711.00       1082.00      207.00
Average consumption when available   62.16       5.27          1.86        1.56
Average consumption when chosen      62.16      13.77          4.28        3.55
                                   mdm.flghts lng.flghts      dt inslt.rf
Times available                        911.00     509.00 2792.00   967.00
Observations in which chosen           344.00     185.00  734.00   240.00
Average consumption when available       5.26      10.35    0.76     3.05
Average consumption when chosen         13.92      28.48    2.90    12.31
                                   inslt.fcd rplc.wndws  vntltn ht.pmp slr.pnls
Times available                       967.00     967.00 1241.00 596.00   958.00
Observations in which chosen          164.00     242.00   82.00 346.00   515.00
Average consumption when available      2.96       2.23    0.37  25.32     3.57
Average consumption when chosen        17.47       8.93    5.67  43.61     6.64
                                   rdc.tmp  crtfct co2.offset undercomp
Times available                    2792.00 2792.00    1253.00   2792.00
Observations in which chosen       1489.00  807.00     171.00   1082.00
Average consumption when available    3.24    5.94       2.28      8.19
Average consumption when chosen       6.08   20.55      16.68     21.14
WARNING: Alternative "outside" is always chosen when available in model
  component "choice". 

Pre-processing likelihood function...
Creating cluster...
Preparing workers for multithreading...
Analytical gradients could not be calculated for all components,
  numerical gradients will be used.

Testing influence of parameters....................................................................................................................................................................................................................................................................
Starting main estimation

BGW is using FD derivatives for model Jacobian. (Caller did not provide derivatives.)


Iterates will be written to: 
 /scratch/apollo_output/apollo.15_iterations.csv    it    nf     F            RELDF    PRELDF    RELDX    MODEL stppar
     0     1 7.195805992e+04
     1     3 7.195298917e+04 7.047e-05 1.224e-04 2.75e-03   G   1.80e+00
     2     5 7.194815088e+04 6.724e-05 1.001e-04 2.40e-03  G-S  1.07e+00
     3     6 7.194556806e+04 3.590e-05 6.813e-05 2.76e-03   S   6.04e-01
     4     7 7.194302324e+04 3.537e-05 5.892e-05 2.72e-03   S   4.09e-01
     5     8 7.194161161e+04 1.962e-05 4.682e-05 3.23e-03   S   3.03e-01
     6     9 7.193972371e+04 2.624e-05 4.377e-05 2.38e-03   S   2.08e-01
     7    10 7.193821306e+04 2.100e-05 3.270e-05 2.52e-03   S   1.64e-01
     8    11 7.193718109e+04 1.435e-05 2.595e-05 2.63e-03   S   1.62e-01
     9    12 7.193599144e+04 1.654e-05 2.426e-05 2.81e-03   S   1.25e-01
    10    13 7.193486232e+04 1.570e-05 2.030e-05 2.65e-03   S   1.23e-01
    11    14 7.193394610e+04 1.274e-05 1.717e-05 3.05e-03   S   9.77e-02
    12    15 7.193297248e+04 1.353e-05 1.534e-05 2.85e-03   S   8.49e-02
    13    16 7.193237680e+04 8.281e-06 1.244e-05 2.66e-03   S   8.47e-02
    14    17 7.193165214e+04 1.007e-05 1.291e-05 2.94e-03   S   6.78e-02
    15    18 7.193099284e+04 9.166e-06 1.075e-05 2.71e-03   S   6.74e-02
    16    19 7.193046290e+04 7.367e-06 9.158e-06 3.01e-03   S   5.43e-02
    17    20 7.193000077e+04 6.425e-06 8.196e-06 3.08e-03   S   4.79e-02
    18    21 7.192958103e+04 5.835e-06 7.133e-06 3.20e-03   S   4.07e-02
    19    22 7.192925219e+04 4.572e-06 5.907e-06 3.26e-03   S   3.44e-02
    20    23 7.192893656e+04 4.388e-06 5.183e-06 3.19e-03   S   2.90e-02
    21    24 7.192869436e+04 3.367e-06 4.412e-06 3.11e-03   S   2.48e-02
    22    25 7.192844330e+04 3.490e-06 3.791e-06 3.10e-03   S   2.01e-02
    23    26 7.192825210e+04 2.658e-06 3.050e-06 3.21e-03   S   1.74e-02
    24    27 7.192807394e+04 2.477e-06 2.723e-06 3.30e-03   S   1.50e-02
    25    29 7.192770473e+04 5.133e-06 4.916e-06 1.02e-02   S   2.56e-03
    26    30 7.192741559e+04 4.020e-06 4.117e-06 9.32e-03   S   2.53e-03
    27    31 7.192707533e+04 4.731e-06 3.829e-06 1.05e-02   S   1.49e-03
    28    32 7.192695040e+04 1.737e-06 4.735e-06 2.33e-02   S   0.00e+00
    29    33 7.192621074e+04 1.028e-05 8.557e-06 8.14e-03   S   0.00e+00
    30    34 7.192522410e+04 1.372e-05 8.333e-06 4.06e-03   S   0.00e+00
    31    37 7.192479897e+04 5.911e-06 1.501e-05 2.23e-03   G   3.40e-01
    32    39 7.192427198e+04 7.327e-06 1.404e-05 2.22e-03  G-S  2.50e-01
    33    40 7.192385263e+04 5.830e-06 1.303e-05 1.97e-03   S   2.06e-01
    34    41 7.192332005e+04 7.405e-06 1.082e-05 1.82e-03   S   1.50e-01
    35    42 7.192314390e+04 2.449e-06 7.338e-06 2.00e-03   S   9.97e-02
    36    43 7.192294281e+04 2.796e-06 6.745e-06 2.35e-03   S   5.34e-02
    37    44 7.192292845e+04 1.997e-07 6.012e-06 2.30e-03   S   2.98e-02
    38    45 7.192262686e+04 4.193e-06 6.024e-06 1.22e-03   S   8.00e-02
    39    46 7.192253973e+04 1.211e-06 3.584e-06 8.04e-04   S   7.54e-02
    40    47 7.192241744e+04 1.700e-06 2.724e-06 1.11e-03   S   4.28e-02
    41    48 7.192228657e+04 1.820e-06 2.055e-06 9.45e-04   S   4.00e-02
    42    49 7.192216617e+04 1.674e-06 1.511e-06 9.72e-04   S   3.98e-02
    43    52 7.192184741e+04 4.432e-06 4.037e-06 1.08e-02   S   1.87e-03
    44    53 7.192168269e+04 2.290e-06 3.657e-06 9.88e-03   S   1.42e-03
    45    55 7.192138352e+04 4.160e-06 4.507e-06 1.30e-02  G-S  5.16e-04
    46    56 7.192122780e+04 2.165e-06 3.022e-06 1.34e-02   S   0.00e+00
    47    57 7.192101836e+04 2.912e-06 2.354e-06 3.44e-03   S   0.00e+00
    48    58 7.192084978e+04 2.344e-06 2.687e-06 3.57e-03   S   0.00e+00
    49    59 7.192077492e+04 1.041e-06 1.642e-06 1.91e-03   S   0.00e+00
    50    60 7.192066668e+04 1.505e-06 1.320e-06 7.73e-04   S   0.00e+00
    51    61 7.192063786e+04 4.007e-07 1.057e-06 7.70e-04   S   0.00e+00
    52    62 7.192059354e+04 6.162e-07 8.910e-07 7.80e-04   S   0.00e+00
    53    63 7.192057105e+04 3.127e-07 6.149e-07 6.05e-04   S   0.00e+00
    54    64 7.192055659e+04 2.010e-07 4.316e-07 8.65e-04   S   0.00e+00
    55    65 7.192054519e+04 1.585e-07 3.112e-07 7.30e-04   S   0.00e+00
    56    66 7.192053962e+04 7.756e-08 2.408e-07 7.24e-04   S   0.00e+00
    57    67 7.192053505e+04 6.341e-08 2.020e-07 2.03e-04   S   0.00e+00
    58    68 7.192052960e+04 7.584e-08 1.753e-07 2.57e-04   S   0.00e+00
    59    69 7.192052548e+04 5.725e-08 1.249e-07 3.69e-04   S   0.00e+00
    60    70 7.192052165e+04 5.334e-08 8.313e-08 6.04e-04   S   0.00e+00
    61    71 7.192052001e+04 2.273e-08 5.198e-08 6.38e-04   S   0.00e+00
    62    72 7.192051689e+04 4.343e-08 4.122e-08 2.86e-04   S   0.00e+00
    63    73 7.192051477e+04 2.945e-08 2.687e-08 4.29e-04   S   0.00e+00
    64    74 7.192051242e+04 3.269e-08 2.116e-08 5.46e-04   S   0.00e+00
    65    75 7.192050882e+04 5.008e-08 3.279e-08 1.24e-03   S   0.00e+00
    66    76 7.192050535e+04 4.817e-08 4.361e-08 2.30e-03   S   0.00e+00
    67    77 7.192050222e+04 4.355e-08 3.659e-08 1.62e-03   S   0.00e+00
    68    78 7.192049891e+04 4.609e-08 3.026e-08 1.06e-03   S   0.00e+00
    69    79 7.192049459e+04 6.001e-08 4.213e-08 1.81e-03   S   0.00e+00
    70    80 7.192049144e+04 4.378e-08 3.831e-08 1.19e-03   S   0.00e+00
    71    81 7.192048792e+04 4.892e-08 3.088e-08 5.67e-04   S   0.00e+00
    72    82 7.192048316e+04 6.628e-08 4.967e-08 1.01e-03   S   0.00e+00
    73    83 7.192047988e+04 4.552e-08 3.735e-08 4.84e-04   S   0.00e+00
    74    84 7.192047627e+04 5.025e-08 3.125e-08 4.13e-04   S   0.00e+00
    75    85 7.192047090e+04 7.459e-08 5.459e-08 8.36e-04   S   0.00e+00
    76    86 7.192046734e+04 4.952e-08 3.979e-08 5.95e-04   S   0.00e+00
    77    87 7.192046334e+04 5.560e-08 3.424e-08 4.98e-04   S   0.00e+00
    78    88 7.192045736e+04 8.323e-08 6.034e-08 1.15e-03   S   0.00e+00
    79    89 7.192045299e+04 6.068e-08 4.212e-08 6.81e-04   S   0.00e+00
    80    90 7.192044780e+04 7.225e-08 4.629e-08 9.06e-04   S   0.00e+00
    81    91 7.192044192e+04 8.165e-08 5.758e-08 1.19e-03   S   0.00e+00
    82    92 7.192043668e+04 7.297e-08 5.004e-08 7.54e-04   S   0.00e+00
    83    93 7.192043064e+04 8.386e-08 5.428e-08 9.52e-04   S   0.00e+00
    84    94 7.192042363e+04 9.758e-08 6.427e-08 9.32e-04   S   0.00e+00
    85    95 7.192041600e+04 1.060e-07 6.611e-08 7.88e-04   S   0.00e+00
    86    96 7.192040633e+04 1.345e-07 8.602e-08 9.91e-04   S   0.00e+00
    87    97 7.192039673e+04 1.334e-07 8.633e-08 7.03e-04   S   0.00e+00
    88    98 7.192038575e+04 1.527e-07 9.728e-08 9.23e-04   S   0.00e+00
    89    99 7.192037558e+04 1.414e-07 9.701e-08 8.26e-04   S   0.00e+00
    90   100 7.192036657e+04 1.252e-07 9.159e-08 7.67e-04   S   0.00e+00
    91   101 7.192035889e+04 1.068e-07 8.008e-08 6.88e-04   S   0.00e+00
    92   102 7.192035155e+04 1.021e-07 6.729e-08 5.57e-04   S   0.00e+00
    93   103 7.192034314e+04 1.170e-07 8.238e-08 6.18e-04   S   0.00e+00
    94   104 7.192033603e+04 9.887e-08 6.970e-08 6.01e-04   S   0.00e+00
    95   105 7.192032900e+04 9.777e-08 6.764e-08 4.69e-04   S   0.00e+00
    96   106 7.192032192e+04 9.839e-08 6.694e-08 5.44e-04   S   0.00e+00
    97   107 7.192031479e+04 9.910e-08 6.872e-08 4.21e-04   S   0.00e+00
    98   108 7.192030808e+04 9.340e-08 6.576e-08 4.71e-04   S   0.00e+00
    99   109 7.192030166e+04 8.924e-08 6.152e-08 3.26e-04   S   0.00e+00
   100   110 7.192029523e+04 8.935e-08 6.327e-08 4.69e-04   S   0.00e+00
   101   111 7.192028909e+04 8.544e-08 5.958e-08 2.74e-04   S   0.00e+00
   102   112 7.192028276e+04 8.789e-08 5.821e-08 2.93e-04   S   0.00e+00
   103   113 7.192027580e+04 9.691e-08 6.710e-08 3.46e-04   S   0.00e+00
   104   114 7.192026946e+04 8.811e-08 6.038e-08 2.51e-04   S   0.00e+00
   105   116 7.192005068e+04 3.042e-06 8.434e-06 1.10e-03   G   1.40e-01
   106   119 7.191993210e+04 1.649e-06 2.983e-06 7.85e-04  G-S  9.33e-02
   107   121 7.191988235e+04 6.917e-07 1.748e-06 6.44e-04   S   3.67e-01
   108   122 7.191985325e+04 4.046e-07 1.241e-06 5.42e-04   S   2.27e-01
   109   123 7.191982802e+04 3.508e-07 9.727e-07 3.90e-04   S   1.10e-01
   110   124 7.191982326e+04 6.623e-08 7.528e-07 3.72e-04   S   5.64e-02
   111   125 7.191979475e+04 3.965e-07 6.748e-07 4.59e-04   S   2.55e-01
   112   127 7.191978419e+04 1.468e-07 3.011e-07 1.64e-04   S   5.41e-01
   113   128 7.191977963e+04 6.347e-08 1.493e-07 1.79e-04   S   2.53e-01
   114   129 7.191977576e+04 5.371e-08 9.171e-08 1.20e-04   S   1.16e-01
   115   130 7.191977239e+04 4.691e-08 5.982e-08 1.43e-04   S   9.31e-02
   116   131 7.191977041e+04 2.754e-08 4.093e-08 1.66e-04   S   7.84e-02
   117   132 7.191976838e+04 2.822e-08 3.275e-08 1.80e-04   S   6.83e-02
   118   133 7.191976671e+04 2.324e-08 2.620e-08 1.76e-04   S   6.81e-02
   119   134 7.191976532e+04 1.933e-08 2.264e-08 1.99e-04   S   5.92e-02
   120   137 7.191976054e+04 6.639e-08 7.662e-08 1.07e-03   S   8.66e-03
   121   138 7.191975815e+04 3.326e-08 6.483e-08 1.07e-03   S   6.28e-03
   122   139 7.191975605e+04 2.917e-08 5.847e-08 1.08e-03   S   2.95e-03
   123   140 7.191975462e+04 1.988e-08 4.313e-08 9.19e-04   S   9.61e-04
   124   141 7.191975332e+04 1.816e-08 3.357e-08 9.77e-04   S   2.75e-04
   125   142 7.191975255e+04 1.071e-08 1.923e-08 6.44e-04   S   0.00e+00
   126   143 7.191975209e+04 6.287e-09 1.311e-08 2.08e-04   S   0.00e+00
   127   144 7.191975159e+04 6.935e-09 9.779e-09 7.70e-05   S   0.00e+00
   128   145 7.191975135e+04 3.423e-09 5.287e-09 1.27e-04   S   0.00e+00
   129   146 7.191975120e+04 2.018e-09 3.424e-09 2.63e-04   S   0.00e+00
   130   147 7.191975105e+04 2.131e-09 2.348e-09 1.92e-04   S   0.00e+00
   131   148 7.191975100e+04 6.395e-10 1.273e-09 7.67e-05   S   0.00e+00
   132   149 7.191975095e+04 7.424e-10 9.026e-10 3.48e-05   S   0.00e+00
   133   150 7.191975093e+04 3.453e-10 4.878e-10 3.48e-05   S   0.00e+00
   134   151 7.191975092e+04 1.150e-10 2.580e-10 4.25e-05   S   0.00e+00
   135   152 7.191975091e+04 1.196e-10 1.659e-10 1.80e-05   S   0.00e+00
   136   153 7.191975091e+04 3.388e-11 7.229e-11 1.65e-05   S   0.00e+00

***** Relative function convergence *****
Additional convergence test using scaled estimation. Parameters will be
  scaled by their current estimates and additional iterations will be
  performed.

BGW is using FD derivatives for model Jacobian. (Caller did not provide derivatives.)


Iterates will be appended to: 
 /scratch/apollo_output/apollo.15_iterations.csv    it    nf     F            RELDF    PRELDF    RELDX    MODEL stppar
     0     1 7.191975091e+04
     1     6 7.191975091e+04 1.152e-11 3.873e-11 3.43e-05   G   5.55e+01

***** Relative function convergence *****

Estimated parameters with approximate standard errors from BHHH matrix:
                                     Estimate     BHHH se BHH t-ratio (0)
alpha_base                           0.000000          NA              NA
gamma_rplc.r.sll                     3.501193    0.552999        6.331287
gamma_rdc.nd.cmpnst                  0.808540    0.093921        8.608755
gamma_shrt.flghts                    1.402873    0.386775        3.627105
gamma_mdm.flghts                     6.406454    1.822842        3.514542
gamma_lng.flghts                    19.525888    9.413330        2.074281
gamma_dt                             1.177031    0.209225        5.625663
gamma_inslt.rf                       5.492956    1.401177        3.920245
gamma_inslt.fcd                      8.953640    2.619199        3.418464
gamma_rplc.wndws                     5.529188    1.275233        4.335826
gamma_vntltn                         3.866528    1.317438        2.934884
gamma_ht.pmp                        40.339436   14.874522        2.711982
gamma_slr.pnls                       2.836106    0.398634        7.114571
gamma_rdc.tmp                        1.931343    0.132630       14.561853
gamma_crtfct                        11.869273    1.796365        6.607383
gamma_co2.offset                     3.031317    1.614591        1.877453
gamma_undercomp                      5.890413    1.100767        5.351191
asc_rplc.r.sll                      -5.076041    0.244190      -20.787254
asc_rdc.nd.cmpnst                   -4.500541    0.220030      -20.454220
asc_shrt.flghts                     -4.710818    0.452769      -10.404459
asc_mdm.flghts                      -5.610836    0.322826      -17.380371
asc_lng.flghts                      -6.042359    0.536258      -11.267639
asc_dt                              -5.556021    0.241787      -22.978965
asc_inslt.rf                        -5.640836    0.532364      -10.595829
asc_inslt.fcd                       -6.330461    0.452053      -14.003788
asc_rplc.wndws                      -5.464688    0.293457      -18.621764
asc_vntltn                          -6.711805    0.689179       -9.738843
asc_ht.pmp                          -4.622276    0.396486      -11.658118
asc_slr.pnls                        -4.798539    0.421747      -11.377776
asc_rdc.tmp                         -3.156880    0.319679       -9.875149
asc_crtfct                          -5.151652    0.413669      -12.453570
asc_co2.offset                      -6.270425    1.075039       -5.832740
asc_undercomp                       -4.335652    0.538019       -8.058543
b_crtfct_price_certificate           0.000000          NA              NA
b_co2.offset_price_certificate      -0.001347  5.1330e-04       -2.623432
b_undercomp_price_certificate      2.4564e-04  1.4504e-04        1.693521
b_rplc.r.sll_co2_initial            -0.017336    0.004989       -3.474487
b_rdc.nd.cmpnst_co2_initial         -0.018010    0.003734       -4.822836
b_shrt.flghts_co2_initial            0.000000          NA              NA
b_mdm.flghts_co2_initial            -0.009370    0.007294       -1.284641
b_lng.flghts_co2_initial            -0.019193    0.011419       -1.680715
b_dt_co2_initial                    -0.015371    0.004830       -3.182222
b_inslt.rf_co2_initial               0.007735    0.006939        1.114816
b_inslt.fcd_co2_initial              0.000000          NA              NA
b_rplc.wndws_co2_initial             0.012254    0.005310        2.307591
b_vntltn_co2_initial                 0.011292    0.008617        1.310396
b_ht.pmp_co2_initial                 0.012993    0.005864        2.215535
b_slr.pnls_co2_initial               0.017133    0.003901        4.392294
b_rdc.tmp_co2_initial                0.015229    0.002599        5.858331
b_crtfct_co2_initial                 0.000000          NA              NA
b_co2.offset_co2_initial             0.000000          NA              NA
b_undercomp_co2_initial              0.000000          NA              NA
b_rplc.r.sll_income                  0.073014    0.021905        3.333261
b_rdc.nd.cmpnst_income              -0.006658    0.015897       -0.418850
b_shrt.flghts_income                 0.016030    0.026399        0.607223
b_mdm.flghts_income                  0.002313    0.023951        0.096553
b_lng.flghts_income                  0.034110    0.034018        1.002683
b_dt_income                          0.026876    0.015890        1.691448
b_inslt.rf_income                   -0.013832    0.031948       -0.432964
b_inslt.fcd_income                  -0.058946    0.038940       -1.513741
b_rplc.wndws_income                  0.009494    0.025030        0.379302
b_vntltn_income                      0.033940    0.037080        0.915310
b_ht.pmp_income                      0.073486    0.028047        2.620088
b_slr.pnls_income                    0.003180    0.019747        0.161050
b_rdc.tmp_income                     0.015124    0.013092        1.155178
b_crtfct_income                      0.023257    0.019715        1.179670
b_co2.offset_income                  0.118681    0.095091        1.248078
b_undercomp_income                  -0.082478    0.028453       -2.898803
b_rplc.r.sll_emp_full                0.000000          NA              NA
b_rdc.nd.cmpnst_emp_full             0.000000          NA              NA
b_shrt.flghts_emp_full               0.000000          NA              NA
b_mdm.flghts_emp_full                0.000000          NA              NA
b_lng.flghts_emp_full                0.000000          NA              NA
b_dt_emp_full                        0.000000          NA              NA
b_inslt.rf_emp_full                  0.000000          NA              NA
b_inslt.fcd_emp_full                 0.000000          NA              NA
b_rplc.wndws_emp_full                0.000000          NA              NA
b_vntltn_emp_full                    0.000000          NA              NA
b_ht.pmp_emp_full                    0.000000          NA              NA
b_slr.pnls_emp_full                 -0.152467    0.126256       -1.207605
b_rdc.tmp_emp_full                   0.000000          NA              NA
b_crtfct_emp_full                    0.000000          NA              NA
b_co2.offset_emp_full                0.000000          NA              NA
b_undercomp_emp_full                 0.000000          NA              NA
b_rplc.r.sll_n_commute               0.000000          NA              NA
b_rdc.nd.cmpnst_n_commute            0.000000          NA              NA
b_shrt.flghts_n_commute              0.000000          NA              NA
b_mdm.flghts_n_commute               0.000000          NA              NA
b_lng.flghts_n_commute               0.000000          NA              NA
b_dt_n_commute                       0.000000          NA              NA
b_inslt.rf_n_commute                 0.000000          NA              NA
b_inslt.fcd_n_commute                0.000000          NA              NA
b_rplc.wndws_n_commute              -0.083167    0.037482       -2.218859
b_vntltn_n_commute                   0.000000          NA              NA
b_ht.pmp_n_commute                   0.000000          NA              NA
b_slr.pnls_n_commute                 0.000000          NA              NA
b_rdc.tmp_n_commute                  0.025565    0.017185        1.487645
b_crtfct_n_commute                   0.000000          NA              NA
b_co2.offset_n_commute               0.153940    0.111950        1.375076
b_undercomp_n_commute                0.000000          NA              NA
b_rplc.r.sll_ho                      0.000000          NA              NA
b_rdc.nd.cmpnst_ho                   0.000000          NA              NA
b_shrt.flghts_ho                     0.000000          NA              NA
b_mdm.flghts_ho                      0.000000          NA              NA
b_lng.flghts_ho                      0.000000          NA              NA
b_dt_ho                              0.000000          NA              NA
b_inslt.rf_ho                        0.000000          NA              NA
b_inslt.fcd_ho                       0.000000          NA              NA
b_rplc.wndws_ho                      0.000000          NA              NA
b_vntltn_ho                          0.000000          NA              NA
b_ht.pmp_ho                          0.000000          NA              NA
b_slr.pnls_ho                        0.000000          NA              NA
b_rdc.tmp_ho                         0.000000          NA              NA
b_crtfct_ho                          0.000000          NA              NA
b_co2.offset_ho                      0.000000          NA              NA
b_undercomp_ho                      -0.070814    0.045299       -1.563250
b_rplc.r.sll_car_value              -0.003647    0.004228       -0.862523
b_rdc.nd.cmpnst_car_value           -0.009305    0.003370       -2.760801
b_rplc.r.sll_car_annual_km           0.000000          NA              NA
b_rdc.nd.cmpnst_car_annual_km        0.050726    0.007017        7.228712
b_rplc.r.sll_car_type_fuel           0.000000          NA              NA
b_rdc.nd.cmpnst_car_type_fuel        0.000000          NA              NA
b_rplc.r.sll_car_type_electric      -3.914144    0.778323       -5.028945
b_rdc.nd.cmpnst_car_type_electric   -1.782929    0.335274       -5.317821
b_rplc.r.sll_car_type_hybrid         0.000000          NA              NA
b_rdc.nd.cmpnst_car_type_hybrid      0.000000          NA              NA
b_rplc.r.sll_car_size_small         -0.407039    0.152261       -2.673296
b_rdc.nd.cmpnst_car_size_small      -0.206590    0.138068       -1.496291
b_rplc.r.sll_car_size_medium         0.000000          NA              NA
b_rdc.nd.cmpnst_car_size_medium     -0.246252    0.119206       -2.065768
b_rplc.r.sll_car_size_large          0.000000          NA              NA
b_rdc.nd.cmpnst_car_size_large       0.000000          NA              NA
b_rplc.r.sll_pt_has                  0.000000          NA              NA
b_rdc.nd.cmpnst_pt_has               0.284360    0.097554        2.914907
b_shrt.flghts_n_short_flight         0.311826    0.081899        3.807423
b_mdm.flghts_n_medium_flight         0.429516    0.081742        5.254525
b_lng.flghts_n_long_flight           0.604438    0.183443        3.294964
b_rplc.r.sll_bi_access               0.000000          NA              NA
b_rdc.nd.cmpnst_bi_access            0.000000          NA              NA
b_rplc.r.sll_ebi_access              0.000000          NA              NA
b_rdc.nd.cmpnst_ebi_access           0.000000          NA              NA
b_inslt.rf_re_standard_old           1.120768    0.242594        4.619937
b_inslt.fcd_re_standard_old          1.288390    0.272990        4.719558
b_rplc.wndws_re_standard_old         0.000000          NA              NA
b_vntltn_re_standard_old             0.000000          NA              NA
b_ht.pmp_re_standard_old             0.000000          NA              NA
b_slr.pnls_re_standard_old           0.000000          NA              NA
b_rdc.tmp_re_standard_old            0.000000          NA              NA
b_inslt.rf_log_re_area               0.000000          NA              NA
b_inslt.fcd_log_re_area              0.000000          NA              NA
b_rplc.wndws_log_re_area             0.000000          NA              NA
b_vntltn_log_re_area                 0.000000          NA              NA
b_ht.pmp_log_re_area                 0.000000          NA              NA
b_slr.pnls_log_re_area               0.000000          NA              NA
b_rdc.tmp_log_re_area               -0.170053    0.063813       -2.664853
b_rplc.r.sll_hh_size                 0.000000          NA              NA
b_rdc.nd.cmpnst_hh_size              0.000000          NA              NA
b_shrt.flghts_hh_size                0.000000          NA              NA
b_mdm.flghts_hh_size                 0.000000          NA              NA
b_lng.flghts_hh_size                 0.000000          NA              NA
b_dt_hh_size                         0.000000          NA              NA
b_inslt.rf_hh_size                   0.000000          NA              NA
b_inslt.fcd_hh_size                  0.000000          NA              NA
b_rplc.wndws_hh_size                 0.000000          NA              NA
b_vntltn_hh_size                     0.000000          NA              NA
b_ht.pmp_hh_size                    -0.213652    0.075994       -2.811443
b_slr.pnls_hh_size                   0.000000          NA              NA
b_rdc.tmp_hh_size                   -0.091683    0.030805       -2.976215
b_crtfct_hh_size                    -0.166816    0.044546       -3.744837
b_co2.offset_hh_size                -0.226170    0.221677       -1.020270
b_undercomp_hh_size                  0.000000          NA              NA
b_rplc.r.sll_age                     0.000000          NA              NA
b_rdc.nd.cmpnst_age                  0.000000          NA              NA
b_shrt.flghts_age                   -0.011435    0.006449       -1.773090
b_mdm.flghts_age                     0.000000          NA              NA
b_lng.flghts_age                     0.000000          NA              NA
b_dt_age                            -0.015658    0.003265       -4.795934
b_inslt.rf_age                      -0.007551    0.006391       -1.181613
b_inslt.fcd_age                      0.000000          NA              NA
b_rplc.wndws_age                     0.000000          NA              NA
b_vntltn_age                        -0.016951    0.009205       -1.841418
b_ht.pmp_age                         0.000000          NA              NA
b_slr.pnls_age                       0.000000          NA              NA
b_rdc.tmp_age                       -0.009831    0.002624       -3.746152
b_crtfct_age                        -0.018293    0.003728       -4.906431
b_co2.offset_age                     0.000000          NA              NA
b_undercomp_age                      0.010783    0.005523        1.952429
b_rplc.r.sll_sex_male                0.000000          NA              NA
b_rdc.nd.cmpnst_sex_male             0.000000          NA              NA
b_shrt.flghts_sex_male               0.000000          NA              NA
b_mdm.flghts_sex_male                0.000000          NA              NA
b_lng.flghts_sex_male                0.447791    0.234341        1.910854
b_dt_sex_male                       -0.382096    0.095398       -4.005303
b_inslt.rf_sex_male                  0.000000          NA              NA
b_inslt.fcd_sex_male                 0.000000          NA              NA
b_rplc.wndws_sex_male                0.000000          NA              NA
b_vntltn_sex_male                    0.000000          NA              NA
b_ht.pmp_sex_male                    0.000000          NA              NA
b_slr.pnls_sex_male                  0.101818    0.124418        0.818352
b_rdc.tmp_sex_male                   0.000000          NA              NA
b_crtfct_sex_male                    0.243948    0.102423        2.381764
b_co2.offset_sex_male                0.000000          NA              NA
b_undercomp_sex_male                -0.371727    0.168320       -2.208459
b_rplc.r.sll_educ_mandatory          0.000000          NA              NA
b_rdc.nd.cmpnst_educ_mandatory       0.000000          NA              NA
b_shrt.flghts_educ_mandatory         0.000000          NA              NA
b_mdm.flghts_educ_mandatory          0.000000          NA              NA
b_lng.flghts_educ_mandatory          0.000000          NA              NA
b_dt_educ_mandatory                  0.000000          NA              NA
b_inslt.rf_educ_mandatory            0.000000          NA              NA
b_inslt.fcd_educ_mandatory           0.000000          NA              NA
b_rplc.wndws_educ_mandatory          0.000000          NA              NA
b_vntltn_educ_mandatory              0.000000          NA              NA
b_ht.pmp_educ_mandatory              0.000000          NA              NA
b_slr.pnls_educ_mandatory            0.000000          NA              NA
b_rdc.tmp_educ_mandatory             0.000000          NA              NA
b_crtfct_educ_mandatory              0.000000          NA              NA
b_co2.offset_educ_mandatory          0.000000          NA              NA
b_undercomp_educ_mandatory           0.000000          NA              NA
b_rplc.r.sll_educ_secondary          0.000000          NA              NA
b_rdc.nd.cmpnst_educ_secondary       0.000000          NA              NA
b_shrt.flghts_educ_secondary         0.000000          NA              NA
b_mdm.flghts_educ_secondary          0.000000          NA              NA
b_lng.flghts_educ_secondary          0.057198    0.234871        0.243529
b_dt_educ_secondary                  0.000000          NA              NA
b_inslt.rf_educ_secondary            0.000000          NA              NA
b_inslt.fcd_educ_secondary           0.000000          NA              NA
b_rplc.wndws_educ_secondary          0.000000          NA              NA
b_vntltn_educ_secondary              0.000000          NA              NA
b_ht.pmp_educ_secondary              0.162319    0.180534        0.899102
b_slr.pnls_educ_secondary            0.460746    0.384682        1.197732
b_rdc.tmp_educ_secondary             0.062345    0.077545        0.803983
b_crtfct_educ_secondary              0.433270    0.306773        1.412346
b_co2.offset_educ_secondary          0.000000          NA              NA
b_undercomp_educ_secondary          -0.668606    0.386439       -1.730174
b_rplc.r.sll_educ_higher             0.217130    0.153420        1.415261
b_rdc.nd.cmpnst_educ_higher          0.000000          NA              NA
b_shrt.flghts_educ_higher            0.000000          NA              NA
b_mdm.flghts_educ_higher             0.000000          NA              NA
b_lng.flghts_educ_higher             0.000000          NA              NA
b_dt_educ_higher                     0.394656    0.104533        3.775413
b_inslt.rf_educ_higher               0.000000          NA              NA
b_inslt.fcd_educ_higher              0.000000          NA              NA
b_rplc.wndws_educ_higher             0.000000          NA              NA
b_vntltn_educ_higher                 0.000000          NA              NA
b_ht.pmp_educ_higher                 0.000000          NA              NA
b_slr.pnls_educ_higher               0.447014    0.392474        1.138963
b_rdc.tmp_educ_higher                0.000000          NA              NA
b_crtfct_educ_higher                 0.967704    0.315685        3.065415
b_co2.offset_educ_higher             1.012733    0.662561        1.528513
b_undercomp_educ_higher             -1.193289    0.423922       -2.814880
b_dt_diet_omnivore                   1.609305    0.129115       12.464165
b_rplc.r.sll_log_road_acc            0.000000          NA              NA
b_rdc.nd.cmpnst_log_road_acc         0.000000          NA              NA
b_rplc.r.sll_log_pt_acc              0.000000          NA              NA
b_rdc.nd.cmpnst_log_pt_acc           0.000000          NA              NA
b_rplc.r.sll_pol_scale               0.186112    0.181895        1.023185
b_rdc.nd.cmpnst_pol_scale           -0.545526    0.152544       -3.576184
b_shrt.flghts_pol_scale             -0.269834    0.238427       -1.131725
b_mdm.flghts_pol_scale              -0.395258    0.217797       -1.814802
b_lng.flghts_pol_scale              -0.302711    0.291150       -1.039710
b_dt_pol_scale                      -0.689002    0.142203       -4.845204
b_inslt.rf_pol_scale                 0.872131    0.279395        3.121502
b_inslt.fcd_pol_scale                1.020378    0.297456        3.430346
b_rplc.wndws_pol_scale               0.556845    0.197525        2.819107
b_vntltn_pol_scale                  -0.045508    0.290454       -0.156679
b_ht.pmp_pol_scale                  -0.234496    0.197922       -1.184793
b_slr.pnls_pol_scale                 0.216345    0.138562        1.561356
b_rdc.tmp_pol_scale                 -0.379609    0.104925       -3.617912
b_crtfct_pol_scale                  -0.734403    0.175085       -4.194548
b_co2.offset_pol_scale              -1.508456    0.687294       -2.194776
b_undercomp_pol_scale                0.602638    0.219787        2.741921
zeta_pol_scale                       0.566182    0.091389        6.195294
tau_pol_scale_01                    -4.023839    0.149327      -26.946531
tau_pol_scale_12                    -2.826532    0.094717      -29.841941
tau_pol_scale_23                    -1.812053    0.068316      -26.524548
tau_pol_scale_34                    -0.994248    0.053843      -18.465847
tau_pol_scale_45                    -0.330120    0.047070       -7.013424
tau_pol_scale_56                     0.831080    0.049755       16.703313
tau_pol_scale_67                     1.467679    0.060124       24.410949
tau_pol_scale_78                     2.353699    0.081588       28.848440
tau_pol_scale_89                     3.609146    0.128635       28.057157
tau_pol_scale_910                    4.492472    0.188283       23.860157
b_rplc.r.sll_health                  0.384413    0.206521        1.861374
b_rdc.nd.cmpnst_health              -0.873593    0.155023       -5.635259
b_shrt.flghts_health                -0.543955    0.212952       -2.554355
b_mdm.flghts_health                 -0.633633    0.204650       -3.096180
b_lng.flghts_health                 -0.684649    0.310649       -2.203931
b_dt_health                         -0.178631    0.128422       -1.390969
b_inslt.rf_health                   -1.447936    0.280068       -5.169951
b_inslt.fcd_health                  -1.456571    0.317340       -4.589938
b_rplc.wndws_health                 -0.975514    0.176515       -5.526531
b_vntltn_health                     -1.095330    0.277722       -3.943981
b_ht.pmp_health                     -0.315647    0.189380       -1.666743
b_slr.pnls_health                   -0.395522    0.130931       -3.020846
b_rdc.tmp_health                    -0.383189    0.096956       -3.952206
b_crtfct_health                     -0.748354    0.169056       -4.426664
b_co2.offset_health                 -2.823018    0.742056       -3.804318
b_undercomp_health                   1.120864    0.274243        4.087122
zeta_health                          0.058444    0.061414        0.951638
tau_health_01                       -6.324933    0.478010      -13.231793
tau_health_12                       -3.550987    0.121477      -29.231831
tau_health_23                       -1.558123    0.052995      -29.401165
tau_health_34                        0.892069    0.044165       20.198778
b_rplc.r.sll_concern                 1.143962    0.227109        5.037072
b_rdc.nd.cmpnst_concern             -0.342697    0.181903       -1.883953
b_shrt.flghts_concern                0.516064    0.212575        2.427683
b_mdm.flghts_concern                 0.824434    0.228300        3.611184
b_lng.flghts_concern                 1.136004    0.333406        3.407271
b_dt_concern                         0.141117    0.136866        1.031064
b_inslt.rf_concern                  -0.176405    0.307811       -0.573096
b_inslt.fcd_concern                  0.001977    0.350682        0.005639
b_rplc.wndws_concern                 0.028056    0.209456        0.133945
b_vntltn_concern                     0.036785    0.349629        0.105211
b_ht.pmp_concern                     0.931223    0.257498        3.616427
b_slr.pnls_concern                   0.363866    0.151410        2.403182
b_rdc.tmp_concern                    0.089049    0.112472        0.791745
b_crtfct_concern                     0.297973    0.178775        1.666745
b_co2.offset_concern                 2.281997    0.828074        2.755790
b_undercomp_concern                 -1.093882    0.293892       -3.722052
zeta_concern                         0.275410    0.073910        3.726313
tau_concern_01                      -4.194137    0.183455      -22.861997
tau_concern_12                      -2.460012    0.086313      -28.500957
tau_concern_23                      -0.296435    0.047939       -6.183536
tau_concern_34                       1.932782    0.068175       28.350363
b_rplc.r.sll_resp                    0.137999    0.138703        0.994925
b_rdc.nd.cmpnst_resp                 0.254892    0.114493        2.226271
b_shrt.flghts_resp                   0.293442    0.210623        1.393211
b_mdm.flghts_resp                    0.330828    0.174894        1.891596
b_lng.flghts_resp                    0.125052    0.225052        0.555657
b_dt_resp                            0.433249    0.124026        3.493211
b_inslt.rf_resp                      0.068254    0.211297        0.323024
b_inslt.fcd_resp                    -0.050493    0.232273       -0.217385
b_rplc.wndws_resp                   -0.051543    0.172890       -0.298125
b_vntltn_resp                        0.125635    0.239525        0.524518
b_ht.pmp_resp                       -0.100424    0.177318       -0.566352
b_slr.pnls_resp                      0.026235    0.128180        0.204674
b_rdc.tmp_resp                       0.257117    0.093444        2.751570
b_crtfct_resp                        0.417434    0.141571        2.948577
b_co2.offset_resp                    0.833817    0.559435        1.490464
b_undercomp_resp                    -0.325748    0.175245       -1.858820
zeta_resp                            1.531208    0.415920        3.681494
tau_resp_01                         -4.829849    0.558857       -8.642376
tau_resp_12                         -4.026299    0.483853       -8.321333
tau_resp_23                         -3.274900    0.413135       -7.926942
tau_resp_34                         -2.409540    0.316918       -7.603042
tau_resp_45                         -1.851917    0.251971       -7.349707
tau_resp_56                         -0.664003    0.113035       -5.874294
tau_resp_67                          0.105242    0.070783        1.486829
tau_resp_78                          1.315848    0.184746        7.122488
tau_resp_89                          2.768793    0.351414        7.879013
tau_resp_910                         3.556090    0.432490        8.222368
b_rplc.r.sll_effic                   0.448920    0.116572        3.851019
b_rdc.nd.cmpnst_effic                0.167822    0.083907        2.000090
b_shrt.flghts_effic                  0.285200    0.160669        1.775080
b_mdm.flghts_effic                   0.296252    0.134212        2.207340
b_lng.flghts_effic                   0.183147    0.175197        1.045374
b_dt_effic                           0.203764    0.079464        2.564249
b_inslt.rf_effic                     0.379205    0.158198        2.397020
b_inslt.fcd_effic                    0.433045    0.191721        2.258728
b_rplc.wndws_effic                   0.417440    0.131092        3.184332
b_vntltn_effic                       0.104849    0.200472        0.523011
b_ht.pmp_effic                       0.364284    0.137513        2.649086
b_slr.pnls_effic                     0.426807    0.105665        4.039266
b_rdc.tmp_effic                      0.040008    0.065663        0.609292
b_crtfct_effic                       0.173158    0.099879        1.733667
b_co2.offset_effic                   0.546695    0.432029        1.265413
b_undercomp_effic                   -0.380854    0.135038       -2.820337
zeta_effic                           2.852500    0.829516        3.438753
tau_effic_01                        -6.946508    1.436991       -4.834065
tau_effic_12                        -5.630755    1.180120       -4.771342
tau_effic_23                        -4.124296    0.888402       -4.642373
tau_effic_34                        -2.809241    0.614341       -4.572773
tau_effic_45                        -1.927334    0.429231       -4.490204
tau_effic_56                        -0.296641    0.117639       -2.521626
tau_effic_67                         0.774080    0.189663        4.081332
tau_effic_78                         2.466975    0.534786        4.613013
tau_effic_89                         4.072873    0.865200        4.707438
tau_effic_910                        4.760880    1.005777        4.733534
b_rplc.r.sll_exp                     0.831475    0.250281        3.322166
b_rdc.nd.cmpnst_exp                 -0.448009    0.201611       -2.222150
b_shrt.flghts_exp                   -0.316198    0.221963       -1.424549
b_mdm.flghts_exp                    -0.360472    0.251638       -1.432503
b_lng.flghts_exp                    -0.266750    0.319970       -0.833673
b_dt_exp                             0.228391    0.141697        1.611826
b_inslt.rf_exp                       0.887466    0.303552        2.923607
b_inslt.fcd_exp                      1.246837    0.375172        3.323374
b_rplc.wndws_exp                     0.444060    0.216297        2.053013
b_vntltn_exp                         0.952088    0.347334        2.741131
b_ht.pmp_exp                         0.354754    0.224293        1.581650
b_slr.pnls_exp                       0.499290    0.164585        3.033624
b_rdc.tmp_exp                        0.170325    0.119942        1.420064
b_crtfct_exp                         0.649405    0.208116        3.120405
b_co2.offset_exp                     1.840083    0.721291        2.551095
b_undercomp_exp                     -0.787734    0.292112       -2.696685
zeta_exp                             0.061683    0.073424        0.840094
tau_exp_01                          -2.460470    0.085251      -28.861641
tau_exp_12                          -1.677617    0.062404      -26.883154
tau_exp_23                          -1.002448    0.051167      -19.591689
tau_exp_34                          -0.441422    0.046108       -9.573633
tau_exp_45                          -0.107600    0.044959       -2.393292
tau_exp_56                           0.511321    0.046707       10.947442
tau_exp_67                           0.950303    0.049897       19.045129
tau_exp_78                           1.518958    0.058666       25.891467
tau_exp_89                           2.273441    0.075506       30.109217
tau_exp_910                          2.630121    0.088622       29.677868
sigma                                1.000000          NA              NA

Final LL: -71919.7509

Calculating log-likelihood at equal shares (LL(0)) for applicable
  models...
Calculating log-likelihood at observed shares from estimation data
  (LL(c)) for applicable models...
Calculating LL of each model component...
INFORMATION: Your model took more than 10 minutes to estimate, so it was saved to
  file /scratch/apollo_output/apollo.15_model.rds before calculating
  its covariance matrix. If calculation of the covariance matrix fails
  or is stopped before finishing, you can load the model up to this
  point using apollo_loadModel. You may also want to inspect the
  approximate BHHH standard errors shown above to determine whether you
  wish to continue this process. 
Computing covariance matrix using numerical methods (numDeriv).
 0%....25%....50%....75%....100%
Negative definite Hessian with maximum eigenvalue: -0.023828
Computing score matrix...

Your model was estimated using the BGW algorithm. Please acknowledge
  this by citing Bunch et al. (1993) - DOI 10.1145/151271.151279

================================================
                                   Model 1      
------------------------------------------------
gamma_rplc.r.sll                        3.50 ***
                                       (0.22)   
gamma_rdc.nd.cmpnst                     0.81 ***
                                       (0.04)   
gamma_shrt.flghts                       1.40 ***
                                       (0.10)   
gamma_mdm.flghts                        6.41 ***
                                       (0.37)   
gamma_lng.flghts                       19.53 ***
                                       (1.59)   
gamma_dt                                1.18 ***
                                       (0.05)   
gamma_inslt.rf                          5.49 ***
                                       (0.58)   
gamma_inslt.fcd                         8.95 ***
                                       (1.17)   
gamma_rplc.wndws                        5.53 ***
                                       (0.48)   
gamma_vntltn                            3.87 ***
                                       (0.51)   
gamma_ht.pmp                           40.34 ***
                                       (4.54)   
gamma_slr.pnls                          2.84 ***
                                       (0.17)   
gamma_rdc.tmp                           1.93 ***
                                       (0.08)   
gamma_crtfct                           11.87 ***
                                       (0.58)   
gamma_co2.offset                        3.03 ***
                                       (0.40)   
gamma_undercomp                         5.89 ***
                                       (0.27)   
asc_rplc.r.sll                         -5.08 ***
                                       (0.18)   
asc_rdc.nd.cmpnst                      -4.50 ***
                                       (0.18)   
asc_shrt.flghts                        -4.71 ***
                                       (0.34)   
asc_mdm.flghts                         -5.61 ***
                                       (0.22)   
asc_lng.flghts                         -6.04 ***
                                       (0.35)   
asc_dt                                 -5.56 ***
                                       (0.22)   
asc_inslt.rf                           -5.64 ***
                                       (0.48)   
asc_inslt.fcd                          -6.33 ***
                                       (0.38)   
asc_rplc.wndws                         -5.46 ***
                                       (0.24)   
asc_vntltn                             -6.71 ***
                                       (0.70)   
asc_ht.pmp                             -4.62 ***
                                       (0.30)   
asc_slr.pnls                           -4.80 ***
                                       (0.32)   
asc_rdc.tmp                            -3.16 ***
                                       (0.26)   
asc_crtfct                             -5.15 ***
                                       (0.32)   
asc_co2.offset                         -6.27 ***
                                       (0.51)   
asc_undercomp                          -4.34 ***
                                       (0.27)   
b_co2.offset_price_certificate         -0.00 ***
                                       (0.00)   
b_undercomp_price_certificate           0.00 ** 
                                       (0.00)   
b_rplc.r.sll_co2_initial               -0.02 ***
                                       (0.00)   
b_rdc.nd.cmpnst_co2_initial            -0.02 ***
                                       (0.00)   
b_mdm.flghts_co2_initial               -0.01 *  
                                       (0.00)   
b_lng.flghts_co2_initial               -0.02 ** 
                                       (0.01)   
b_dt_co2_initial                       -0.02 ***
                                       (0.00)   
b_inslt.rf_co2_initial                  0.01 *  
                                       (0.00)   
b_rplc.wndws_co2_initial                0.01 ** 
                                       (0.00)   
b_vntltn_co2_initial                    0.01    
                                       (0.01)   
b_ht.pmp_co2_initial                    0.01 ** 
                                       (0.01)   
b_slr.pnls_co2_initial                  0.02 ***
                                       (0.00)   
b_rdc.tmp_co2_initial                   0.02 ***
                                       (0.00)   
b_rplc.r.sll_income                     0.07 ***
                                       (0.02)   
b_rdc.nd.cmpnst_income                 -0.01    
                                       (0.01)   
b_shrt.flghts_income                    0.02    
                                       (0.02)   
b_mdm.flghts_income                     0.00    
                                       (0.02)   
b_lng.flghts_income                     0.03    
                                       (0.02)   
b_dt_income                             0.03 ** 
                                       (0.01)   
b_inslt.rf_income                      -0.01    
                                       (0.03)   
b_inslt.fcd_income                     -0.06 *  
                                       (0.03)   
b_rplc.wndws_income                     0.01    
                                       (0.02)   
b_vntltn_income                         0.03    
                                       (0.03)   
b_ht.pmp_income                         0.07 ***
                                       (0.02)   
b_slr.pnls_income                       0.00    
                                       (0.01)   
b_rdc.tmp_income                        0.02 *  
                                       (0.01)   
b_crtfct_income                         0.02 *  
                                       (0.01)   
b_co2.offset_income                     0.12 ** 
                                       (0.04)   
b_undercomp_income                     -0.08 ***
                                       (0.01)   
b_slr.pnls_emp_full                    -0.15    
                                       (0.12)   
b_rplc.wndws_n_commute                 -0.08 ** 
                                       (0.03)   
b_rdc.tmp_n_commute                     0.03 *  
                                       (0.01)   
b_co2.offset_n_commute                  0.15 ** 
                                       (0.06)   
b_undercomp_ho                         -0.07 ** 
                                       (0.03)   
b_rplc.r.sll_car_value                 -0.00    
                                       (0.00)   
b_rdc.nd.cmpnst_car_value              -0.01 ** 
                                       (0.00)   
b_rdc.nd.cmpnst_car_annual_km           0.05 ***
                                       (0.01)   
b_rplc.r.sll_car_type_electric         -3.91 ***
                                       (0.65)   
b_rdc.nd.cmpnst_car_type_electric      -1.78 ***
                                       (0.32)   
b_rplc.r.sll_car_size_small            -0.41 ** 
                                       (0.14)   
b_rdc.nd.cmpnst_car_size_small         -0.21 *  
                                       (0.12)   
b_rdc.nd.cmpnst_car_size_medium        -0.25 ** 
                                       (0.10)   
b_rdc.nd.cmpnst_pt_has                  0.28 ** 
                                       (0.09)   
b_shrt.flghts_n_short_flight            0.31 ***
                                       (0.06)   
b_mdm.flghts_n_medium_flight            0.43 ***
                                       (0.05)   
b_lng.flghts_n_long_flight              0.60 ***
                                       (0.08)   
b_inslt.rf_re_standard_old              1.12 ***
                                       (0.19)   
b_inslt.fcd_re_standard_old             1.29 ***
                                       (0.24)   
b_rdc.tmp_log_re_area                  -0.17 ***
                                       (0.05)   
b_ht.pmp_hh_size                       -0.21 ***
                                       (0.06)   
b_rdc.tmp_hh_size                      -0.09 ***
                                       (0.03)   
b_crtfct_hh_size                       -0.17 ***
                                       (0.04)   
b_co2.offset_hh_size                   -0.23 *  
                                       (0.12)   
b_shrt.flghts_age                      -0.01 *  
                                       (0.01)   
b_dt_age                               -0.02 ***
                                       (0.00)   
b_inslt.rf_age                         -0.01    
                                       (0.01)   
b_vntltn_age                           -0.02 *  
                                       (0.01)   
b_rdc.tmp_age                          -0.01 ***
                                       (0.00)   
b_crtfct_age                           -0.02 ***
                                       (0.00)   
b_undercomp_age                         0.01 ***
                                       (0.00)   
b_lng.flghts_sex_male                   0.45 ** 
                                       (0.19)   
b_dt_sex_male                          -0.38 ***
                                       (0.09)   
b_slr.pnls_sex_male                     0.10    
                                       (0.11)   
b_crtfct_sex_male                       0.24 ** 
                                       (0.08)   
b_undercomp_sex_male                   -0.37 ***
                                       (0.08)   
b_lng.flghts_educ_secondary             0.06    
                                       (0.19)   
b_ht.pmp_educ_secondary                 0.16    
                                       (0.15)   
b_slr.pnls_educ_secondary               0.46    
                                       (0.29)   
b_rdc.tmp_educ_secondary                0.06    
                                       (0.06)   
b_crtfct_educ_secondary                 0.43    
                                       (0.26)   
b_undercomp_educ_secondary             -0.67 ***
                                       (0.17)   
b_rplc.r.sll_educ_higher                0.22 *  
                                       (0.12)   
b_dt_educ_higher                        0.39 ***
                                       (0.09)   
b_slr.pnls_educ_higher                  0.45    
                                       (0.30)   
b_crtfct_educ_higher                    0.97 ***
                                       (0.27)   
b_co2.offset_educ_higher                1.01 *  
                                       (0.47)   
b_undercomp_educ_higher                -1.19 ***
                                       (0.19)   
b_dt_diet_omnivore                      1.61 ***
                                       (0.10)   
b_rplc.r.sll_pol_scale                  0.19    
                                       (0.19)   
b_rdc.nd.cmpnst_pol_scale              -0.55 ***
                                       (0.13)   
b_shrt.flghts_pol_scale                -0.27 *  
                                       (0.14)   
b_mdm.flghts_pol_scale                 -0.40 ** 
                                       (0.16)   
b_lng.flghts_pol_scale                 -0.30    
                                       (0.24)   
b_dt_pol_scale                         -0.69 ***
                                       (0.09)   
b_inslt.rf_pol_scale                    0.87 ***
                                       (0.23)   
b_inslt.fcd_pol_scale                   1.02 ***
                                       (0.27)   
b_rplc.wndws_pol_scale                  0.56 ** 
                                       (0.20)   
b_vntltn_pol_scale                     -0.05    
                                       (0.25)   
b_ht.pmp_pol_scale                     -0.23    
                                       (0.21)   
b_slr.pnls_pol_scale                    0.22    
                                       (0.14)   
b_rdc.tmp_pol_scale                    -0.38 ***
                                       (0.07)   
b_crtfct_pol_scale                     -0.73 ***
                                       (0.14)   
b_co2.offset_pol_scale                 -1.51 ** 
                                       (0.51)   
b_undercomp_pol_scale                   0.60 ***
                                       (0.17)   
zeta_pol_scale                          0.57 ***
                                       (0.11)   
tau_pol_scale_01                       -4.02 ***
                                       (0.15)   
tau_pol_scale_12                       -2.83 ***
                                       (0.10)   
tau_pol_scale_23                       -1.81 ***
                                       (0.07)   
tau_pol_scale_34                       -0.99 ***
                                       (0.05)   
tau_pol_scale_45                       -0.33 ***
                                       (0.04)   
tau_pol_scale_56                        0.83 ***
                                       (0.05)   
tau_pol_scale_67                        1.47 ***
                                       (0.06)   
tau_pol_scale_78                        2.35 ***
                                       (0.08)   
tau_pol_scale_89                        3.61 ***
                                       (0.12)   
tau_pol_scale_910                       4.49 ***
                                       (0.18)   
b_rplc.r.sll_health                     0.38 *  
                                       (0.19)   
b_rdc.nd.cmpnst_health                 -0.87 ***
                                       (0.12)   
b_shrt.flghts_health                   -0.54 ** 
                                       (0.19)   
b_mdm.flghts_health                    -0.63 ** 
                                       (0.24)   
b_lng.flghts_health                    -0.68 *  
                                       (0.32)   
b_dt_health                            -0.18 *  
                                       (0.09)   
b_inslt.rf_health                      -1.45 ***
                                       (0.25)   
b_inslt.fcd_health                     -1.46 ***
                                       (0.30)   
b_rplc.wndws_health                    -0.98 ***
                                       (0.20)   
b_vntltn_health                        -1.10 ***
                                       (0.29)   
b_ht.pmp_health                        -0.32    
                                       (0.20)   
b_slr.pnls_health                      -0.40 ** 
                                       (0.13)   
b_rdc.tmp_health                       -0.38 ***
                                       (0.06)   
b_crtfct_health                        -0.75 ***
                                       (0.14)   
b_co2.offset_health                    -2.82 ***
                                       (0.31)   
b_undercomp_health                      1.12 ***
                                       (0.16)   
zeta_health                             0.06    
                                       (0.06)   
tau_health_01                          -6.32 ***
                                       (0.45)   
tau_health_12                          -3.55 ***
                                       (0.11)   
tau_health_23                          -1.56 ***
                                       (0.05)   
tau_health_34                           0.89 ***
                                       (0.04)   
b_rplc.r.sll_concern                    1.14 ***
                                       (0.27)   
b_rdc.nd.cmpnst_concern                -0.34    
                                       (0.30)   
b_shrt.flghts_concern                   0.52 *  
                                       (0.22)   
b_mdm.flghts_concern                    0.82 ***
                                       (0.25)   
b_lng.flghts_concern                    1.14 ***
                                       (0.21)   
b_dt_concern                            0.14    
                                       (0.12)   
b_inslt.rf_concern                     -0.18    
                                       (0.32)   
b_inslt.fcd_concern                     0.00    
                                       (0.40)   
b_rplc.wndws_concern                    0.03    
                                       (0.29)   
b_vntltn_concern                        0.04    
                                       (0.31)   
b_ht.pmp_concern                        0.93 ***
                                       (0.19)   
b_slr.pnls_concern                      0.36 *  
                                       (0.19)   
b_rdc.tmp_concern                       0.09    
                                       (0.10)   
b_crtfct_concern                        0.30    
                                       (0.19)   
b_co2.offset_concern                    2.28 ***
                                       (0.65)   
b_undercomp_concern                    -1.09 ***
                                       (0.24)   
zeta_concern                            0.28 *  
                                       (0.12)   
tau_concern_01                         -4.19 ***
                                       (0.16)   
tau_concern_12                         -2.46 ***
                                       (0.07)   
tau_concern_23                         -0.30 ***
                                       (0.04)   
tau_concern_34                          1.93 ***
                                       (0.06)   
b_rplc.r.sll_resp                       0.14    
                                       (0.11)   
b_rdc.nd.cmpnst_resp                    0.25 ** 
                                       (0.10)   
b_shrt.flghts_resp                      0.29 *  
                                       (0.14)   
b_mdm.flghts_resp                       0.33 ** 
                                       (0.14)   
b_lng.flghts_resp                       0.13    
                                       (0.17)   
b_dt_resp                               0.43 ***
                                       (0.09)   
b_inslt.rf_resp                         0.07    
                                       (0.23)   
b_inslt.fcd_resp                       -0.05    
                                       (0.27)   
b_rplc.wndws_resp                      -0.05    
                                       (0.18)   
b_vntltn_resp                           0.13    
                                       (0.33)   
b_ht.pmp_resp                          -0.10    
                                       (0.22)   
b_slr.pnls_resp                         0.03    
                                       (0.13)   
b_rdc.tmp_resp                          0.26 ***
                                       (0.07)   
b_crtfct_resp                           0.42 ***
                                       (0.09)   
b_co2.offset_resp                       0.83 ***
                                       (0.25)   
b_undercomp_resp                       -0.33 ***
                                       (0.09)   
zeta_resp                               1.53 *  
                                       (0.69)   
tau_resp_01                            -4.83 ***
                                       (0.87)   
tau_resp_12                            -4.03 ***
                                       (0.77)   
tau_resp_23                            -3.27 ***
                                       (0.65)   
tau_resp_34                            -2.41 ***
                                       (0.50)   
tau_resp_45                            -1.85 ***
                                       (0.39)   
tau_resp_56                            -0.66 ***
                                       (0.15)   
tau_resp_67                             0.11 *  
                                       (0.06)   
tau_resp_78                             1.32 ***
                                       (0.29)   
tau_resp_89                             2.77 ***
                                       (0.57)   
tau_resp_910                            3.56 ***
                                       (0.70)   
b_rplc.r.sll_effic                      0.45 ***
                                       (0.09)   
b_rdc.nd.cmpnst_effic                   0.17 ** 
                                       (0.06)   
b_shrt.flghts_effic                     0.29 ** 
                                       (0.10)   
b_mdm.flghts_effic                      0.30 ***
                                       (0.09)   
b_lng.flghts_effic                      0.18    
                                       (0.13)   
b_dt_effic                              0.20 ***
                                       (0.06)   
b_inslt.rf_effic                        0.38 ** 
                                       (0.15)   
b_inslt.fcd_effic                       0.43 ** 
                                       (0.19)   
b_rplc.wndws_effic                      0.42 ***
                                       (0.12)   
b_vntltn_effic                          0.10    
                                       (0.19)   
b_ht.pmp_effic                          0.36 ***
                                       (0.11)   
b_slr.pnls_effic                        0.43 ***
                                       (0.08)   
b_rdc.tmp_effic                         0.04    
                                       (0.04)   
b_crtfct_effic                          0.17 ** 
                                       (0.06)   
b_co2.offset_effic                      0.55 ** 
                                       (0.18)   
b_undercomp_effic                      -0.38 ***
                                       (0.08)   
zeta_effic                              2.85 ** 
                                       (1.06)   
tau_effic_01                           -6.95 ***
                                       (1.85)   
tau_effic_12                           -5.63 ***
                                       (1.53)   
tau_effic_23                           -4.12 ***
                                       (1.13)   
tau_effic_34                           -2.81 ***
                                       (0.77)   
tau_effic_45                           -1.93 ***
                                       (0.54)   
tau_effic_56                           -0.30 ** 
                                       (0.11)   
tau_effic_67                            0.77 ***
                                       (0.23)   
tau_effic_78                            2.47 ***
                                       (0.69)   
tau_effic_89                            4.07 ***
                                       (1.11)   
tau_effic_910                           4.76 ***
                                       (1.28)   
b_rplc.r.sll_exp                        0.83 ** 
                                       (0.29)   
b_rdc.nd.cmpnst_exp                    -0.45 *  
                                       (0.24)   
b_shrt.flghts_exp                      -0.32    
                                       (0.20)   
b_mdm.flghts_exp                       -0.36    
                                       (0.27)   
b_lng.flghts_exp                       -0.27    
                                       (0.34)   
b_dt_exp                                0.23 *  
                                       (0.11)   
b_inslt.rf_exp                          0.89 ** 
                                       (0.34)   
b_inslt.fcd_exp                         1.25 ***
                                       (0.36)   
b_rplc.wndws_exp                        0.44    
                                       (0.30)   
b_vntltn_exp                            0.95 *  
                                       (0.44)   
b_ht.pmp_exp                            0.35    
                                       (0.40)   
b_slr.pnls_exp                          0.50 ** 
                                       (0.19)   
b_rdc.tmp_exp                           0.17 *  
                                       (0.10)   
b_crtfct_exp                            0.65 ** 
                                       (0.22)   
b_co2.offset_exp                        1.84 *  
                                       (1.03)   
b_undercomp_exp                        -0.79 *  
                                       (0.42)   
zeta_exp                                0.06    
                                       (0.10)   
tau_exp_01                             -2.46 ***
                                       (0.07)   
tau_exp_12                             -1.68 ***
                                       (0.05)   
tau_exp_23                             -1.00 ***
                                       (0.04)   
tau_exp_34                             -0.44 ***
                                       (0.04)   
tau_exp_45                             -0.11 ** 
                                       (0.04)   
tau_exp_56                              0.51 ***
                                       (0.04)   
tau_exp_67                              0.95 ***
                                       (0.04)   
tau_exp_78                              1.52 ***
                                       (0.05)   
tau_exp_89                              2.27 ***
                                       (0.06)   
tau_exp_910                             2.63 ***
                                       (0.08)   
------------------------------------------------
Number of respondents                2792.00    
Number of parameters                  260.00    
LL(final)                          -71919.75    
AIC                                144359.50    
BIC                                145902.48    
================================================
*** p < 0.001; ** p < 0.01; * p < 0.05
✔ Setting active project to '/cluster/work/ivt_vpl/daniehei/pemdcev'
✔ Saving 'apollo.15' to 'data/apollo.15.rda'
• Document your data (see 'https://r-pkgs.org/data.html')
